<?xml version="1.0" encoding="UTF-8"?>
<testsuite name="testing.rozetka.RozetkaTest" tests="1" skipped="0" failures="0" errors="0" timestamp="2018-12-28T07:34:31" hostname="DESKTOP-TO5FH6N" time="43.424">
  <properties/>
  <testcase name="doesStuff()" classname="testing.rozetka.RozetkaTest" time="43.424"/>
  <system-out><![CDATA[]]></system-out>
  <system-err><![CDATA[Starting ChromeDriver 2.45.615291 (ec3682e3c9061c10f26ea9e5cdcf3c53f3f74387) on port 45794
Only local connections are allowed.
дек. 28, 2018 9:34:39 AM org.openqa.selenium.remote.ProtocolHandshake createSession
INFO: Detected dialect: OSS
]]></system-err>
</testsuite>
